{"C:\\inetpub\\wwwroot\\weight.js\\dist\\weight.js":{"path":"C:\\inetpub\\wwwroot\\weight.js\\dist\\weight.js","s":{"1":1,"2":1,"3":1,"4":1,"5":1,"6":1,"7":0,"8":1,"9":1,"10":1,"11":2,"12":1,"13":0,"14":0,"15":0,"16":0,"17":0,"18":0,"19":0,"20":0,"21":0,"22":0,"23":0,"24":0,"25":0,"26":0,"27":2,"28":1,"29":1,"30":12,"31":12,"32":1,"33":1,"34":1,"35":193,"36":193,"37":193,"38":0,"39":1,"40":1,"41":20,"42":0,"43":0,"44":0,"45":40,"46":40,"47":28,"48":20,"49":20,"50":0,"51":26,"52":0,"53":20,"54":77,"55":193,"56":0,"57":193,"58":1,"59":0,"60":0,"61":0,"62":1,"63":2,"64":6,"65":6,"66":1,"67":78,"68":78,"69":0,"70":78,"71":1,"72":1,"73":0,"74":1,"75":1,"76":0,"77":1,"78":1,"79":78,"80":78,"81":0,"82":1,"83":1,"84":1,"85":0,"86":1,"87":26,"88":26,"89":29,"90":29,"91":1,"92":28,"93":0,"94":28,"95":28,"96":0,"97":0,"98":0,"99":0,"100":0,"101":0,"102":0,"103":0,"104":0,"105":0,"106":98,"107":0,"108":98,"109":0,"110":98,"111":66,"112":32,"113":0,"114":32,"115":65,"116":13,"117":13,"118":1,"119":1,"120":46,"121":0,"122":1,"123":2,"124":6,"125":6,"126":1,"127":115,"128":115,"129":0,"130":115,"131":1,"132":1,"133":0,"134":1,"135":1,"136":0,"137":1,"138":1,"139":115,"140":115,"141":0,"142":1,"143":1,"144":1,"145":0,"146":1,"147":54,"148":8,"149":46,"150":0,"151":0,"152":0,"153":46,"154":0,"155":46,"156":4,"157":42,"158":42,"159":42,"160":42,"161":2,"162":40,"163":4,"164":36,"165":32,"166":4,"167":4,"168":0,"169":0,"170":29,"171":29,"172":0,"173":29,"174":29,"175":29,"176":189,"177":1,"178":188,"179":48,"180":140,"181":104,"182":36,"183":0,"184":36,"185":46,"186":26,"187":26,"188":20,"189":20,"190":6,"191":14,"192":20,"193":1,"194":1,"195":1},"b":{"1":[1,0],"2":[1,1],"3":[0,0],"4":[0,0],"5":[0,0],"6":[0,1],"7":[0,1],"8":[2,2],"9":[1,1,1],"10":[0,0],"11":[0,0],"12":[0,0],"13":[0,0,0,0],"14":[0,0],"15":[0,0],"16":[0,0],"17":[0,0],"18":[12,12],"19":[12,11],"20":[193,0],"21":[193,193],"22":[0,193],"23":[1,1],"24":[0,0],"25":[0,0],"26":[40,0],"27":[40,40],"28":[20,0],"29":[0,193],"30":[193,0],"31":[1,0],"32":[0,0],"33":[0,0],"34":[0,0],"35":[0,0,0,0],"36":[6,6],"37":[6,6],"38":[78,0],"39":[78,0,0],"40":[0,78],"41":[1,0],"42":[0,0],"43":[1,0],"44":[0,78],"45":[0,1],"46":[1,0],"47":[1,1],"48":[1,1],"49":[26,26],"50":[0,29],"51":[29,0],"52":[1,28],"53":[0,28],"54":[28,0],"55":[0,0,0,0,0,0,0,0,0,0,0,0],"56":[0,0,0],"57":[0,0],"58":[0,0],"59":[0,0,0],"60":[1,1],"61":[0,98],"62":[0,98],"63":[66,32],"64":[0,66],"65":[0,32],"66":[0,32],"67":[13,0],"68":[13,0],"69":[0,13],"70":[13,0],"71":[1,1],"72":[1,0],"73":[1,1],"74":[0,0],"75":[0,0,0,0],"76":[6,6],"77":[6,6],"78":[115,0],"79":[115,0,0],"80":[0,115],"81":[1,0],"82":[0,0],"83":[1,0],"84":[0,115],"85":[0,1],"86":[1,0],"87":[1,1],"88":[1,1],"89":[8,46],"90":[0,46],"91":[0,0],"92":[0,46],"93":[4,42],"94":[24,18],"95":[42,32],"96":[20,4],"97":[20,8],"98":[8,10],"99":[8,0],"100":[8,2],"101":[8,8],"102":[4,4],"103":[1,1],"104":[4,38],"105":[42,4],"106":[2,40],"107":[4,36],"108":[32,4],"109":[0,0,0,4,0,0,0,0,0,0,0,0],"110":[29,4,4],"111":[0,29],"112":[4,25],"113":[29,28,28],"114":[1,1],"115":[1,188],"116":[48,140],"117":[104,36],"118":[4,100],"119":[0,36],"120":[0,36],"121":[26,13],"122":[26,13],"123":[13,13],"124":[26,13],"125":[20,6],"126":[6,14],"127":[20,0],"128":[0,20],"129":[20,0],"130":[1,1]},"f":{"1":1,"2":1,"3":1,"4":1,"5":2,"6":1,"7":0,"8":0,"9":0,"10":0,"11":0,"12":2,"13":1,"14":1,"15":1,"16":193,"17":193,"18":20,"19":0,"20":0,"21":40,"22":28,"23":20,"24":20,"25":0,"26":26,"27":0,"28":20,"29":77,"30":193,"31":0,"32":0,"33":0,"34":2,"35":78,"36":78,"37":1,"38":0,"39":1,"40":0,"41":1,"42":78,"43":78,"44":1,"45":26,"46":29,"47":0,"48":98,"49":65,"50":13,"51":1,"52":46,"53":0,"54":2,"55":115,"56":115,"57":1,"58":0,"59":1,"60":0,"61":1,"62":115,"63":115,"64":1,"65":54,"66":42,"67":29,"68":189,"69":46,"70":26,"71":1,"72":1},"fnMap":{"1":{"name":"(anonymous_1)","line":1,"loc":{"start":{"line":1,"column":1},"end":{"line":1,"column":14}}},"2":{"name":"(anonymous_2)","line":1,"loc":{"start":{"line":1,"column":240},"end":{"line":1,"column":250}}},"3":{"name":"(anonymous_3)","line":1,"loc":{"start":{"line":1,"column":258},"end":{"line":1,"column":269}}},"4":{"name":"n","line":1,"loc":{"start":{"line":1,"column":279},"end":{"line":1,"column":292}}},"5":{"name":"(anonymous_5)","line":1,"loc":{"start":{"line":1,"column":436},"end":{"line":1,"column":451}}},"6":{"name":"(anonymous_6)","line":1,"loc":{"start":{"line":1,"column":516},"end":{"line":1,"column":527}}},"7":{"name":"(anonymous_7)","line":1,"loc":{"start":{"line":1,"column":691},"end":{"line":1,"column":704}}},"8":{"name":"(anonymous_8)","line":1,"loc":{"start":{"line":1,"column":930},"end":{"line":1,"column":941}}},"9":{"name":"(anonymous_9)","line":1,"loc":{"start":{"line":1,"column":983},"end":{"line":1,"column":994}}},"10":{"name":"(anonymous_10)","line":1,"loc":{"start":{"line":1,"column":1017},"end":{"line":1,"column":1027}}},"11":{"name":"(anonymous_11)","line":1,"loc":{"start":{"line":1,"column":1046},"end":{"line":1,"column":1056}}},"12":{"name":"(anonymous_12)","line":1,"loc":{"start":{"line":1,"column":1094},"end":{"line":1,"column":1107}}},"13":{"name":"(anonymous_13)","line":1,"loc":{"start":{"line":1,"column":1176},"end":{"line":1,"column":1191}}},"14":{"name":"r","line":1,"loc":{"start":{"line":1,"column":1205},"end":{"line":1,"column":1220}}},"15":{"name":"(anonymous_15)","line":9,"loc":{"start":{"line":9,"column":6},"end":{"line":9,"column":16}}},"16":{"name":"e","line":9,"loc":{"start":{"line":9,"column":17},"end":{"line":9,"column":29}}},"17":{"name":"(anonymous_17)","line":9,"loc":{"start":{"line":9,"column":94},"end":{"line":9,"column":107}}},"18":{"name":"(anonymous_18)","line":9,"loc":{"start":{"line":9,"column":267},"end":{"line":9,"column":277}}},"19":{"name":"(anonymous_19)","line":9,"loc":{"start":{"line":9,"column":346},"end":{"line":9,"column":356}}},"20":{"name":"(anonymous_20)","line":9,"loc":{"start":{"line":9,"column":425},"end":{"line":9,"column":435}}},"21":{"name":"(anonymous_21)","line":9,"loc":{"start":{"line":9,"column":562},"end":{"line":9,"column":572}}},"22":{"name":"(anonymous_22)","line":9,"loc":{"start":{"line":9,"column":685},"end":{"line":9,"column":696}}},"23":{"name":"(anonymous_23)","line":9,"loc":{"start":{"line":9,"column":763},"end":{"line":9,"column":774}}},"24":{"name":"(anonymous_24)","line":9,"loc":{"start":{"line":9,"column":873},"end":{"line":9,"column":884}}},"25":{"name":"(anonymous_25)","line":9,"loc":{"start":{"line":9,"column":948},"end":{"line":9,"column":959}}},"26":{"name":"(anonymous_26)","line":9,"loc":{"start":{"line":9,"column":1023},"end":{"line":9,"column":1034}}},"27":{"name":"(anonymous_27)","line":9,"loc":{"start":{"line":9,"column":1096},"end":{"line":9,"column":1107}}},"28":{"name":"(anonymous_28)","line":9,"loc":{"start":{"line":9,"column":1167},"end":{"line":9,"column":1177}}},"29":{"name":"(anonymous_29)","line":9,"loc":{"start":{"line":9,"column":1220},"end":{"line":9,"column":1230}}},"30":{"name":"(anonymous_30)","line":9,"loc":{"start":{"line":9,"column":1255},"end":{"line":9,"column":1266}}},"31":{"name":"o","line":9,"loc":{"start":{"line":9,"column":1373},"end":{"line":9,"column":1386}}},"32":{"name":"(anonymous_32)","line":9,"loc":{"start":{"line":9,"column":1456},"end":{"line":9,"column":1467}}},"33":{"name":"(anonymous_33)","line":9,"loc":{"start":{"line":9,"column":1485},"end":{"line":9,"column":1496}}},"34":{"name":"u","line":9,"loc":{"start":{"line":9,"column":1602},"end":{"line":9,"column":1617}}},"35":{"name":"a","line":9,"loc":{"start":{"line":9,"column":1768},"end":{"line":9,"column":1783}}},"36":{"name":"(anonymous_36)","line":9,"loc":{"start":{"line":9,"column":1832},"end":{"line":9,"column":1843}}},"37":{"name":"s","line":9,"loc":{"start":{"line":9,"column":1959},"end":{"line":9,"column":1972}}},"38":{"name":"(anonymous_38)","line":9,"loc":{"start":{"line":9,"column":2026},"end":{"line":9,"column":2037}}},"39":{"name":"f","line":9,"loc":{"start":{"line":9,"column":2088},"end":{"line":9,"column":2103}}},"40":{"name":"(anonymous_40)","line":9,"loc":{"start":{"line":9,"column":2136},"end":{"line":9,"column":2149}}},"41":{"name":"(anonymous_41)","line":16,"loc":{"start":{"line":16,"column":9},"end":{"line":16,"column":20}}},"42":{"name":"t","line":16,"loc":{"start":{"line":16,"column":21},"end":{"line":16,"column":33}}},"43":{"name":"(anonymous_43)","line":16,"loc":{"start":{"line":16,"column":41},"end":{"line":16,"column":54}}},"44":{"name":"(anonymous_44)","line":16,"loc":{"start":{"line":16,"column":194},"end":{"line":16,"column":207}}},"45":{"name":"(anonymous_45)","line":16,"loc":{"start":{"line":16,"column":452},"end":{"line":16,"column":463}}},"46":{"name":"(anonymous_46)","line":16,"loc":{"start":{"line":16,"column":539},"end":{"line":16,"column":550}}},"47":{"name":"(anonymous_47)","line":16,"loc":{"start":{"line":16,"column":984},"end":{"line":16,"column":997}}},"48":{"name":"(anonymous_48)","line":16,"loc":{"start":{"line":16,"column":1304},"end":{"line":16,"column":1315}}},"49":{"name":"(anonymous_49)","line":16,"loc":{"start":{"line":16,"column":1542},"end":{"line":16,"column":1552}}},"50":{"name":"(anonymous_50)","line":16,"loc":{"start":{"line":16,"column":1606},"end":{"line":16,"column":1616}}},"51":{"name":"l","line":16,"loc":{"start":{"line":16,"column":1815},"end":{"line":16,"column":1828}}},"52":{"name":"(anonymous_52)","line":16,"loc":{"start":{"line":16,"column":1898},"end":{"line":16,"column":1909}}},"53":{"name":"(anonymous_53)","line":16,"loc":{"start":{"line":16,"column":1927},"end":{"line":16,"column":1938}}},"54":{"name":"p","line":16,"loc":{"start":{"line":16,"column":2044},"end":{"line":16,"column":2059}}},"55":{"name":"h","line":16,"loc":{"start":{"line":16,"column":2210},"end":{"line":16,"column":2225}}},"56":{"name":"(anonymous_56)","line":16,"loc":{"start":{"line":16,"column":2274},"end":{"line":16,"column":2285}}},"57":{"name":"y","line":16,"loc":{"start":{"line":16,"column":2401},"end":{"line":16,"column":2414}}},"58":{"name":"(anonymous_58)","line":16,"loc":{"start":{"line":16,"column":2468},"end":{"line":16,"column":2479}}},"59":{"name":"b","line":16,"loc":{"start":{"line":16,"column":2530},"end":{"line":16,"column":2545}}},"60":{"name":"(anonymous_60)","line":16,"loc":{"start":{"line":16,"column":2578},"end":{"line":16,"column":2591}}},"61":{"name":"(anonymous_61)","line":23,"loc":{"start":{"line":23,"column":9},"end":{"line":23,"column":20}}},"62":{"name":"t","line":23,"loc":{"start":{"line":23,"column":21},"end":{"line":23,"column":33}}},"63":{"name":"(anonymous_63)","line":23,"loc":{"start":{"line":23,"column":41},"end":{"line":23,"column":54}}},"64":{"name":"(anonymous_64)","line":23,"loc":{"start":{"line":23,"column":194},"end":{"line":23,"column":207}}},"65":{"name":"(anonymous_65)","line":23,"loc":{"start":{"line":23,"column":452},"end":{"line":23,"column":463}}},"66":{"name":"(anonymous_66)","line":23,"loc":{"start":{"line":23,"column":1115},"end":{"line":23,"column":1126}}},"67":{"name":"(anonymous_67)","line":23,"loc":{"start":{"line":23,"column":1560},"end":{"line":23,"column":1573}}},"68":{"name":"(anonymous_68)","line":23,"loc":{"start":{"line":23,"column":1880},"end":{"line":23,"column":1891}}},"69":{"name":"(anonymous_69)","line":23,"loc":{"start":{"line":23,"column":2118},"end":{"line":23,"column":2128}}},"70":{"name":"(anonymous_70)","line":23,"loc":{"start":{"line":23,"column":2182},"end":{"line":23,"column":2192}}},"71":{"name":"(anonymous_71)","line":23,"loc":{"start":{"line":23,"column":2570},"end":{"line":23,"column":2580}}},"72":{"name":"(anonymous_72)","line":23,"loc":{"start":{"line":23,"column":2607},"end":{"line":23,"column":2617}}}},"statementMap":{"1":{"start":{"line":1,"column":0},"end":{"line":23,"column":2634}},"2":{"start":{"line":1,"column":15},"end":{"line":1,"column":203}},"3":{"start":{"line":1,"column":251},"end":{"line":23,"column":2631}},"4":{"start":{"line":1,"column":270},"end":{"line":1,"column":279}},"5":{"start":{"line":1,"column":279},"end":{"line":1,"column":413}},"6":{"start":{"line":1,"column":293},"end":{"line":1,"column":321}},"7":{"start":{"line":1,"column":301},"end":{"line":1,"column":321}},"8":{"start":{"line":1,"column":321},"end":{"line":1,"column":354}},"9":{"start":{"line":1,"column":354},"end":{"line":1,"column":412}},"10":{"start":{"line":1,"column":413},"end":{"line":1,"column":1173}},"11":{"start":{"line":1,"column":452},"end":{"line":1,"column":510}},"12":{"start":{"line":1,"column":528},"end":{"line":1,"column":685}},"13":{"start":{"line":1,"column":705},"end":{"line":1,"column":735}},"14":{"start":{"line":1,"column":726},"end":{"line":1,"column":735}},"15":{"start":{"line":1,"column":735},"end":{"line":1,"column":788}},"16":{"start":{"line":1,"column":779},"end":{"line":1,"column":788}},"17":{"start":{"line":1,"column":788},"end":{"line":1,"column":814}},"18":{"start":{"line":1,"column":814},"end":{"line":1,"column":969}},"19":{"start":{"line":1,"column":907},"end":{"line":1,"column":969}},"20":{"start":{"line":1,"column":922},"end":{"line":1,"column":969}},"21":{"start":{"line":1,"column":942},"end":{"line":1,"column":953}},"22":{"start":{"line":1,"column":969},"end":{"line":1,"column":977}},"23":{"start":{"line":1,"column":995},"end":{"line":1,"column":1067}},"24":{"start":{"line":1,"column":1028},"end":{"line":1,"column":1044}},"25":{"start":{"line":1,"column":1057},"end":{"line":1,"column":1065}},"26":{"start":{"line":1,"column":1067},"end":{"line":1,"column":1088}},"27":{"start":{"line":1,"column":1108},"end":{"line":1,"column":1156}},"28":{"start":{"line":1,"column":1205},"end":{"line":1,"column":1371}},"29":{"start":{"line":1,"column":1221},"end":{"line":1,"column":1370}},"30":{"start":{"line":1,"column":1249},"end":{"line":1,"column":1260}},"31":{"start":{"line":1,"column":1260},"end":{"line":1,"column":1369}},"32":{"start":{"line":1,"column":1371},"end":{"line":1,"column":1378}},"33":{"start":{"line":9,"column":0},"end":{"line":9,"column":1373}},"34":{"start":{"line":9,"column":17},"end":{"line":9,"column":223}},"35":{"start":{"line":9,"column":30},"end":{"line":9,"column":93}},"36":{"start":{"line":9,"column":93},"end":{"line":9,"column":222}},"37":{"start":{"line":9,"column":108},"end":{"line":9,"column":185}},"38":{"start":{"line":9,"column":129},"end":{"line":9,"column":185}},"39":{"start":{"line":9,"column":223},"end":{"line":9,"column":233}},"40":{"start":{"line":9,"column":233},"end":{"line":9,"column":1369}},"41":{"start":{"line":9,"column":278},"end":{"line":9,"column":325}},"42":{"start":{"line":9,"column":357},"end":{"line":9,"column":403}},"43":{"start":{"line":9,"column":436},"end":{"line":9,"column":499}},"44":{"start":{"line":9,"column":499},"end":{"line":9,"column":538}},"45":{"start":{"line":9,"column":573},"end":{"line":9,"column":636}},"46":{"start":{"line":9,"column":636},"end":{"line":9,"column":665}},"47":{"start":{"line":9,"column":697},"end":{"line":9,"column":738}},"48":{"start":{"line":9,"column":775},"end":{"line":9,"column":850}},"49":{"start":{"line":9,"column":885},"end":{"line":9,"column":922}},"50":{"start":{"line":9,"column":960},"end":{"line":9,"column":997}},"51":{"start":{"line":9,"column":1035},"end":{"line":9,"column":1070}},"52":{"start":{"line":9,"column":1108},"end":{"line":9,"column":1143}},"53":{"start":{"line":9,"column":1178},"end":{"line":9,"column":1200}},"54":{"start":{"line":9,"column":1231},"end":{"line":9,"column":1249}},"55":{"start":{"line":9,"column":1267},"end":{"line":9,"column":1311}},"56":{"start":{"line":9,"column":1279},"end":{"line":9,"column":1311}},"57":{"start":{"line":9,"column":1311},"end":{"line":9,"column":1335}},"58":{"start":{"line":9,"column":1373},"end":{"line":9,"column":1602}},"59":{"start":{"line":9,"column":1387},"end":{"line":9,"column":1601}},"60":{"start":{"line":9,"column":1468},"end":{"line":9,"column":1483}},"61":{"start":{"line":9,"column":1497},"end":{"line":9,"column":1596}},"62":{"start":{"line":9,"column":1602},"end":{"line":9,"column":1768}},"63":{"start":{"line":9,"column":1618},"end":{"line":9,"column":1767}},"64":{"start":{"line":9,"column":1646},"end":{"line":9,"column":1657}},"65":{"start":{"line":9,"column":1657},"end":{"line":9,"column":1766}},"66":{"start":{"line":9,"column":1768},"end":{"line":9,"column":1959}},"67":{"start":{"line":9,"column":1784},"end":{"line":9,"column":1958}},"68":{"start":{"line":9,"column":1844},"end":{"line":9,"column":1944}},"69":{"start":{"line":9,"column":1858},"end":{"line":9,"column":1944}},"70":{"start":{"line":9,"column":1944},"end":{"line":9,"column":1952}},"71":{"start":{"line":9,"column":1959},"end":{"line":9,"column":2088}},"72":{"start":{"line":9,"column":1973},"end":{"line":9,"column":2087}},"73":{"start":{"line":9,"column":2038},"end":{"line":9,"column":2082}},"74":{"start":{"line":9,"column":2088},"end":{"line":9,"column":2180}},"75":{"start":{"line":9,"column":2104},"end":{"line":9,"column":2179}},"76":{"start":{"line":9,"column":2150},"end":{"line":9,"column":2172}},"77":{"start":{"line":16,"column":3},"end":{"line":16,"column":1815}},"78":{"start":{"line":16,"column":21},"end":{"line":16,"column":177}},"79":{"start":{"line":16,"column":34},"end":{"line":16,"column":176}},"80":{"start":{"line":16,"column":55},"end":{"line":16,"column":132}},"81":{"start":{"line":16,"column":76},"end":{"line":16,"column":132}},"82":{"start":{"line":16,"column":177},"end":{"line":16,"column":187}},"83":{"start":{"line":16,"column":187},"end":{"line":16,"column":1811}},"84":{"start":{"line":16,"column":208},"end":{"line":16,"column":316}},"85":{"start":{"line":16,"column":242},"end":{"line":16,"column":316}},"86":{"start":{"line":16,"column":316},"end":{"line":16,"column":419}},"87":{"start":{"line":16,"column":464},"end":{"line":16,"column":481}},"88":{"start":{"line":16,"column":481},"end":{"line":16,"column":507}},"89":{"start":{"line":16,"column":551},"end":{"line":16,"column":614}},"90":{"start":{"line":16,"column":614},"end":{"line":16,"column":658}},"91":{"start":{"line":16,"column":649},"end":{"line":16,"column":658}},"92":{"start":{"line":16,"column":658},"end":{"line":16,"column":709}},"93":{"start":{"line":16,"column":682},"end":{"line":16,"column":709}},"94":{"start":{"line":16,"column":709},"end":{"line":16,"column":749}},"95":{"start":{"line":16,"column":733},"end":{"line":16,"column":749}},"96":{"start":{"line":16,"column":749},"end":{"line":16,"column":954}},"97":{"start":{"line":16,"column":801},"end":{"line":16,"column":828}},"98":{"start":{"line":16,"column":904},"end":{"line":16,"column":920}},"99":{"start":{"line":16,"column":928},"end":{"line":16,"column":953}},"100":{"start":{"line":16,"column":998},"end":{"line":16,"column":1060}},"101":{"start":{"line":16,"column":1060},"end":{"line":16,"column":1091}},"102":{"start":{"line":16,"column":1082},"end":{"line":16,"column":1091}},"103":{"start":{"line":16,"column":1091},"end":{"line":16,"column":1188}},"104":{"start":{"line":16,"column":1188},"end":{"line":16,"column":1244}},"105":{"start":{"line":16,"column":1244},"end":{"line":16,"column":1274}},"106":{"start":{"line":16,"column":1316},"end":{"line":16,"column":1360}},"107":{"start":{"line":16,"column":1334},"end":{"line":16,"column":1360}},"108":{"start":{"line":16,"column":1360},"end":{"line":16,"column":1393}},"109":{"start":{"line":16,"column":1378},"end":{"line":16,"column":1393}},"110":{"start":{"line":16,"column":1393},"end":{"line":16,"column":1430}},"111":{"start":{"line":16,"column":1415},"end":{"line":16,"column":1430}},"112":{"start":{"line":16,"column":1430},"end":{"line":16,"column":1503}},"113":{"start":{"line":16,"column":1458},"end":{"line":16,"column":1503}},"114":{"start":{"line":16,"column":1503},"end":{"line":16,"column":1517}},"115":{"start":{"line":16,"column":1553},"end":{"line":16,"column":1581}},"116":{"start":{"line":16,"column":1617},"end":{"line":16,"column":1741}},"117":{"start":{"line":16,"column":1741},"end":{"line":16,"column":1777}},"118":{"start":{"line":16,"column":1815},"end":{"line":16,"column":2044}},"119":{"start":{"line":16,"column":1829},"end":{"line":16,"column":2043}},"120":{"start":{"line":16,"column":1910},"end":{"line":16,"column":1925}},"121":{"start":{"line":16,"column":1939},"end":{"line":16,"column":2038}},"122":{"start":{"line":16,"column":2044},"end":{"line":16,"column":2210}},"123":{"start":{"line":16,"column":2060},"end":{"line":16,"column":2209}},"124":{"start":{"line":16,"column":2088},"end":{"line":16,"column":2099}},"125":{"start":{"line":16,"column":2099},"end":{"line":16,"column":2208}},"126":{"start":{"line":16,"column":2210},"end":{"line":16,"column":2401}},"127":{"start":{"line":16,"column":2226},"end":{"line":16,"column":2400}},"128":{"start":{"line":16,"column":2286},"end":{"line":16,"column":2386}},"129":{"start":{"line":16,"column":2300},"end":{"line":16,"column":2386}},"130":{"start":{"line":16,"column":2386},"end":{"line":16,"column":2394}},"131":{"start":{"line":16,"column":2401},"end":{"line":16,"column":2530}},"132":{"start":{"line":16,"column":2415},"end":{"line":16,"column":2529}},"133":{"start":{"line":16,"column":2480},"end":{"line":16,"column":2524}},"134":{"start":{"line":16,"column":2530},"end":{"line":16,"column":2622}},"135":{"start":{"line":16,"column":2546},"end":{"line":16,"column":2621}},"136":{"start":{"line":16,"column":2592},"end":{"line":16,"column":2614}},"137":{"start":{"line":23,"column":3},"end":{"line":23,"column":2555}},"138":{"start":{"line":23,"column":21},"end":{"line":23,"column":177}},"139":{"start":{"line":23,"column":34},"end":{"line":23,"column":176}},"140":{"start":{"line":23,"column":55},"end":{"line":23,"column":132}},"141":{"start":{"line":23,"column":76},"end":{"line":23,"column":132}},"142":{"start":{"line":23,"column":177},"end":{"line":23,"column":187}},"143":{"start":{"line":23,"column":187},"end":{"line":23,"column":2551}},"144":{"start":{"line":23,"column":208},"end":{"line":23,"column":316}},"145":{"start":{"line":23,"column":242},"end":{"line":23,"column":316}},"146":{"start":{"line":23,"column":316},"end":{"line":23,"column":419}},"147":{"start":{"line":23,"column":464},"end":{"line":23,"column":502}},"148":{"start":{"line":23,"column":486},"end":{"line":23,"column":502}},"149":{"start":{"line":23,"column":502},"end":{"line":23,"column":615}},"150":{"start":{"line":23,"column":522},"end":{"line":23,"column":564}},"151":{"start":{"line":23,"column":555},"end":{"line":23,"column":564}},"152":{"start":{"line":23,"column":564},"end":{"line":23,"column":578}},"153":{"start":{"line":23,"column":584},"end":{"line":23,"column":615}},"154":{"start":{"line":23,"column":606},"end":{"line":23,"column":615}},"155":{"start":{"line":23,"column":615},"end":{"line":23,"column":669}},"156":{"start":{"line":23,"column":653},"end":{"line":23,"column":669}},"157":{"start":{"line":23,"column":669},"end":{"line":23,"column":732}},"158":{"start":{"line":23,"column":732},"end":{"line":23,"column":1083}},"159":{"start":{"line":23,"column":1127},"end":{"line":23,"column":1190}},"160":{"start":{"line":23,"column":1190},"end":{"line":23,"column":1234}},"161":{"start":{"line":23,"column":1225},"end":{"line":23,"column":1234}},"162":{"start":{"line":23,"column":1234},"end":{"line":23,"column":1285}},"163":{"start":{"line":23,"column":1258},"end":{"line":23,"column":1285}},"164":{"start":{"line":23,"column":1285},"end":{"line":23,"column":1325}},"165":{"start":{"line":23,"column":1309},"end":{"line":23,"column":1325}},"166":{"start":{"line":23,"column":1325},"end":{"line":23,"column":1530}},"167":{"start":{"line":23,"column":1377},"end":{"line":23,"column":1393}},"168":{"start":{"line":23,"column":1469},"end":{"line":23,"column":1496}},"169":{"start":{"line":23,"column":1504},"end":{"line":23,"column":1529}},"170":{"start":{"line":23,"column":1574},"end":{"line":23,"column":1636}},"171":{"start":{"line":23,"column":1636},"end":{"line":23,"column":1667}},"172":{"start":{"line":23,"column":1658},"end":{"line":23,"column":1667}},"173":{"start":{"line":23,"column":1667},"end":{"line":23,"column":1764}},"174":{"start":{"line":23,"column":1764},"end":{"line":23,"column":1820}},"175":{"start":{"line":23,"column":1820},"end":{"line":23,"column":1850}},"176":{"start":{"line":23,"column":1892},"end":{"line":23,"column":1925}},"177":{"start":{"line":23,"column":1910},"end":{"line":23,"column":1925}},"178":{"start":{"line":23,"column":1925},"end":{"line":23,"column":1969}},"179":{"start":{"line":23,"column":1943},"end":{"line":23,"column":1969}},"180":{"start":{"line":23,"column":1969},"end":{"line":23,"column":2006}},"181":{"start":{"line":23,"column":1991},"end":{"line":23,"column":2006}},"182":{"start":{"line":23,"column":2006},"end":{"line":23,"column":2079}},"183":{"start":{"line":23,"column":2034},"end":{"line":23,"column":2079}},"184":{"start":{"line":23,"column":2079},"end":{"line":23,"column":2093}},"185":{"start":{"line":23,"column":2129},"end":{"line":23,"column":2157}},"186":{"start":{"line":23,"column":2193},"end":{"line":23,"column":2322}},"187":{"start":{"line":23,"column":2322},"end":{"line":23,"column":2477}},"188":{"start":{"line":23,"column":2345},"end":{"line":23,"column":2375}},"189":{"start":{"line":23,"column":2375},"end":{"line":23,"column":2470}},"190":{"start":{"line":23,"column":2461},"end":{"line":23,"column":2470}},"191":{"start":{"line":23,"column":2470},"end":{"line":23,"column":2476}},"192":{"start":{"line":23,"column":2477},"end":{"line":23,"column":2517}},"193":{"start":{"line":23,"column":2555},"end":{"line":23,"column":2628}},"194":{"start":{"line":23,"column":2581},"end":{"line":23,"column":2589}},"195":{"start":{"line":23,"column":2618},"end":{"line":23,"column":2626}}},"branchMap":{"1":{"line":1,"type":"cond-expr","locations":[{"start":{"line":1,"column":65},"end":{"line":1,"column":83}},{"start":{"line":1,"column":84},"end":{"line":1,"column":203}}]},"2":{"line":1,"type":"binary-expr","locations":[{"start":{"line":1,"column":15},"end":{"line":1,"column":39}},{"start":{"line":1,"column":41},"end":{"line":1,"column":64}}]},"3":{"line":1,"type":"cond-expr","locations":[{"start":{"line":1,"column":122},"end":{"line":1,"column":134}},{"start":{"line":1,"column":135},"end":{"line":1,"column":203}}]},"4":{"line":1,"type":"binary-expr","locations":[{"start":{"line":1,"column":84},"end":{"line":1,"column":109}},{"start":{"line":1,"column":111},"end":{"line":1,"column":121}}]},"5":{"line":1,"type":"cond-expr","locations":[{"start":{"line":1,"column":160},"end":{"line":1,"column":184}},{"start":{"line":1,"column":185},"end":{"line":1,"column":203}}]},"6":{"line":1,"type":"cond-expr","locations":[{"start":{"line":1,"column":230},"end":{"line":1,"column":234}},{"start":{"line":1,"column":235},"end":{"line":1,"column":239}}]},"7":{"line":1,"type":"if","locations":[{"start":{"line":1,"column":293},"end":{"line":1,"column":293}},{"start":{"line":1,"column":293},"end":{"line":1,"column":293}}]},"8":{"line":1,"type":"binary-expr","locations":[{"start":{"line":1,"column":452},"end":{"line":1,"column":460}},{"start":{"line":1,"column":462},"end":{"line":1,"column":510}}]},"9":{"line":1,"type":"binary-expr","locations":[{"start":{"line":1,"column":528},"end":{"line":1,"column":554}},{"start":{"line":1,"column":556},"end":{"line":1,"column":574}},{"start":{"line":1,"column":576},"end":{"line":1,"column":636}}]},"10":{"line":1,"type":"if","locations":[{"start":{"line":1,"column":705},"end":{"line":1,"column":705}},{"start":{"line":1,"column":705},"end":{"line":1,"column":705}}]},"11":{"line":1,"type":"binary-expr","locations":[{"start":{"line":1,"column":708},"end":{"line":1,"column":711}},{"start":{"line":1,"column":714},"end":{"line":1,"column":720}}]},"12":{"line":1,"type":"if","locations":[{"start":{"line":1,"column":735},"end":{"line":1,"column":735}},{"start":{"line":1,"column":735},"end":{"line":1,"column":735}}]},"13":{"line":1,"type":"binary-expr","locations":[{"start":{"line":1,"column":738},"end":{"line":1,"column":741}},{"start":{"line":1,"column":743},"end":{"line":1,"column":761}},{"start":{"line":1,"column":763},"end":{"line":1,"column":764}},{"start":{"line":1,"column":766},"end":{"line":1,"column":778}}]},"14":{"line":1,"type":"if","locations":[{"start":{"line":1,"column":814},"end":{"line":1,"column":814}},{"start":{"line":1,"column":814},"end":{"line":1,"column":814}}]},"15":{"line":1,"type":"binary-expr","locations":[{"start":{"line":1,"column":883},"end":{"line":1,"column":886}},{"start":{"line":1,"column":888},"end":{"line":1,"column":906}}]},"16":{"line":1,"type":"cond-expr","locations":[{"start":{"line":1,"column":1017},"end":{"line":1,"column":1045}},{"start":{"line":1,"column":1046},"end":{"line":1,"column":1066}}]},"17":{"line":1,"type":"binary-expr","locations":[{"start":{"line":1,"column":1001},"end":{"line":1,"column":1002}},{"start":{"line":1,"column":1004},"end":{"line":1,"column":1016}}]},"18":{"line":1,"type":"binary-expr","locations":[{"start":{"line":1,"column":1273},"end":{"line":1,"column":1285}},{"start":{"line":1,"column":1287},"end":{"line":1,"column":1289}}]},"19":{"line":1,"type":"binary-expr","locations":[{"start":{"line":1,"column":1308},"end":{"line":1,"column":1319}},{"start":{"line":1,"column":1322},"end":{"line":1,"column":1335}}]},"20":{"line":9,"type":"cond-expr","locations":[{"start":{"line":9,"column":78},"end":{"line":9,"column":90}},{"start":{"line":9,"column":91},"end":{"line":9,"column":92}}]},"21":{"line":9,"type":"binary-expr","locations":[{"start":{"line":9,"column":36},"end":{"line":9,"column":54}},{"start":{"line":9,"column":56},"end":{"line":9,"column":77}}]},"22":{"line":9,"type":"if","locations":[{"start":{"line":9,"column":108},"end":{"line":9,"column":108}},{"start":{"line":9,"column":108},"end":{"line":9,"column":108}}]},"23":{"line":9,"type":"binary-expr","locations":[{"start":{"line":9,"column":245},"end":{"line":9,"column":1338}},{"start":{"line":9,"column":1341},"end":{"line":9,"column":1357}}]},"24":{"line":9,"type":"cond-expr","locations":[{"start":{"line":9,"column":484},"end":{"line":9,"column":496}},{"start":{"line":9,"column":497},"end":{"line":9,"column":498}}]},"25":{"line":9,"type":"binary-expr","locations":[{"start":{"line":9,"column":442},"end":{"line":9,"column":460}},{"start":{"line":9,"column":462},"end":{"line":9,"column":483}}]},"26":{"line":9,"type":"cond-expr","locations":[{"start":{"line":9,"column":621},"end":{"line":9,"column":633}},{"start":{"line":9,"column":634},"end":{"line":9,"column":635}}]},"27":{"line":9,"type":"binary-expr","locations":[{"start":{"line":9,"column":579},"end":{"line":9,"column":597}},{"start":{"line":9,"column":599},"end":{"line":9,"column":620}}]},"28":{"line":9,"type":"binary-expr","locations":[{"start":{"line":9,"column":781},"end":{"line":9,"column":813}},{"start":{"line":9,"column":816},"end":{"line":9,"column":829}}]},"29":{"line":9,"type":"if","locations":[{"start":{"line":9,"column":1267},"end":{"line":9,"column":1267}},{"start":{"line":9,"column":1267},"end":{"line":9,"column":1267}}]},"30":{"line":9,"type":"binary-expr","locations":[{"start":{"line":9,"column":1311},"end":{"line":9,"column":1314}},{"start":{"line":9,"column":1317},"end":{"line":9,"column":1320}}]},"31":{"line":9,"type":"binary-expr","locations":[{"start":{"line":9,"column":1358},"end":{"line":9,"column":1359}},{"start":{"line":9,"column":1361},"end":{"line":9,"column":1367}}]},"32":{"line":9,"type":"cond-expr","locations":[{"start":{"line":9,"column":1456},"end":{"line":9,"column":1484}},{"start":{"line":9,"column":1485},"end":{"line":9,"column":1597}}]},"33":{"line":9,"type":"binary-expr","locations":[{"start":{"line":9,"column":1396},"end":{"line":9,"column":1421}},{"start":{"line":9,"column":1423},"end":{"line":9,"column":1455}}]},"34":{"line":9,"type":"cond-expr","locations":[{"start":{"line":9,"column":1579},"end":{"line":9,"column":1587}},{"start":{"line":9,"column":1588},"end":{"line":9,"column":1596}}]},"35":{"line":9,"type":"binary-expr","locations":[{"start":{"line":9,"column":1504},"end":{"line":9,"column":1505}},{"start":{"line":9,"column":1507},"end":{"line":9,"column":1532}},{"start":{"line":9,"column":1534},"end":{"line":9,"column":1556}},{"start":{"line":9,"column":1558},"end":{"line":9,"column":1578}}]},"36":{"line":9,"type":"binary-expr","locations":[{"start":{"line":9,"column":1670},"end":{"line":9,"column":1682}},{"start":{"line":9,"column":1684},"end":{"line":9,"column":1686}}]},"37":{"line":9,"type":"binary-expr","locations":[{"start":{"line":9,"column":1705},"end":{"line":9,"column":1716}},{"start":{"line":9,"column":1719},"end":{"line":9,"column":1732}}]},"38":{"line":9,"type":"cond-expr","locations":[{"start":{"line":9,"column":1832},"end":{"line":9,"column":1956}},{"start":{"line":9,"column":1957},"end":{"line":9,"column":1958}}]},"39":{"line":9,"type":"binary-expr","locations":[{"start":{"line":9,"column":1790},"end":{"line":9,"column":1792}},{"start":{"line":9,"column":1794},"end":{"line":9,"column":1809}},{"start":{"line":9,"column":1811},"end":{"line":9,"column":1831}}]},"40":{"line":9,"type":"if","locations":[{"start":{"line":9,"column":1844},"end":{"line":9,"column":1844}},{"start":{"line":9,"column":1844},"end":{"line":9,"column":1844}}]},"41":{"line":9,"type":"cond-expr","locations":[{"start":{"line":9,"column":2004},"end":{"line":9,"column":2025}},{"start":{"line":9,"column":2026},"end":{"line":9,"column":2083}}]},"42":{"line":9,"type":"binary-expr","locations":[{"start":{"line":9,"column":2045},"end":{"line":9,"column":2056}},{"start":{"line":9,"column":2058},"end":{"line":9,"column":2082}}]},"43":{"line":9,"type":"binary-expr","locations":[{"start":{"line":9,"column":2113},"end":{"line":9,"column":2134}},{"start":{"line":9,"column":2136},"end":{"line":9,"column":2173}}]},"44":{"line":16,"type":"if","locations":[{"start":{"line":16,"column":55},"end":{"line":16,"column":55}},{"start":{"line":16,"column":55},"end":{"line":16,"column":55}}]},"45":{"line":16,"type":"if","locations":[{"start":{"line":16,"column":208},"end":{"line":16,"column":208}},{"start":{"line":16,"column":208},"end":{"line":16,"column":208}}]},"46":{"line":16,"type":"binary-expr","locations":[{"start":{"line":16,"column":211},"end":{"line":16,"column":231}},{"start":{"line":16,"column":233},"end":{"line":16,"column":241}}]},"47":{"line":16,"type":"binary-expr","locations":[{"start":{"line":16,"column":342},"end":{"line":16,"column":343}},{"start":{"line":16,"column":345},"end":{"line":16,"column":356}}]},"48":{"line":16,"type":"binary-expr","locations":[{"start":{"line":16,"column":410},"end":{"line":16,"column":411}},{"start":{"line":16,"column":413},"end":{"line":16,"column":419}}]},"49":{"line":16,"type":"binary-expr","locations":[{"start":{"line":16,"column":487},"end":{"line":16,"column":493}},{"start":{"line":16,"column":495},"end":{"line":16,"column":507}}]},"50":{"line":16,"type":"cond-expr","locations":[{"start":{"line":16,"column":599},"end":{"line":16,"column":611}},{"start":{"line":16,"column":612},"end":{"line":16,"column":613}}]},"51":{"line":16,"type":"binary-expr","locations":[{"start":{"line":16,"column":557},"end":{"line":16,"column":575}},{"start":{"line":16,"column":577},"end":{"line":16,"column":598}}]},"52":{"line":16,"type":"if","locations":[{"start":{"line":16,"column":614},"end":{"line":16,"column":614}},{"start":{"line":16,"column":614},"end":{"line":16,"column":614}}]},"53":{"line":16,"type":"if","locations":[{"start":{"line":16,"column":658},"end":{"line":16,"column":658}},{"start":{"line":16,"column":658},"end":{"line":16,"column":658}}]},"54":{"line":16,"type":"if","locations":[{"start":{"line":16,"column":709},"end":{"line":16,"column":709}},{"start":{"line":16,"column":709},"end":{"line":16,"column":709}}]},"55":{"line":16,"type":"switch","locations":[{"start":{"line":16,"column":759},"end":{"line":16,"column":772}},{"start":{"line":16,"column":772},"end":{"line":16,"column":785}},{"start":{"line":16,"column":785},"end":{"line":16,"column":794}},{"start":{"line":16,"column":794},"end":{"line":16,"column":828}},{"start":{"line":16,"column":828},"end":{"line":16,"column":840}},{"start":{"line":16,"column":840},"end":{"line":16,"column":852}},{"start":{"line":16,"column":852},"end":{"line":16,"column":865}},{"start":{"line":16,"column":865},"end":{"line":16,"column":878}},{"start":{"line":16,"column":878},"end":{"line":16,"column":887}},{"start":{"line":16,"column":887},"end":{"line":16,"column":897}},{"start":{"line":16,"column":897},"end":{"line":16,"column":920}},{"start":{"line":16,"column":920},"end":{"line":16,"column":953}}]},"56":{"line":16,"type":"binary-expr","locations":[{"start":{"line":16,"column":1004},"end":{"line":16,"column":1022}},{"start":{"line":16,"column":1024},"end":{"line":16,"column":1045}},{"start":{"line":16,"column":1047},"end":{"line":16,"column":1059}}]},"57":{"line":16,"type":"if","locations":[{"start":{"line":16,"column":1060},"end":{"line":16,"column":1060}},{"start":{"line":16,"column":1060},"end":{"line":16,"column":1060}}]},"58":{"line":16,"type":"cond-expr","locations":[{"start":{"line":16,"column":1120},"end":{"line":16,"column":1153}},{"start":{"line":16,"column":1154},"end":{"line":16,"column":1187}}]},"59":{"line":16,"type":"binary-expr","locations":[{"start":{"line":16,"column":1250},"end":{"line":16,"column":1256}},{"start":{"line":16,"column":1258},"end":{"line":16,"column":1264}},{"start":{"line":16,"column":1266},"end":{"line":16,"column":1274}}]},"60":{"line":16,"type":"binary-expr","locations":[{"start":{"line":16,"column":1279},"end":{"line":16,"column":1780}},{"start":{"line":16,"column":1783},"end":{"line":16,"column":1799}}]},"61":{"line":16,"type":"if","locations":[{"start":{"line":16,"column":1316},"end":{"line":16,"column":1316}},{"start":{"line":16,"column":1316},"end":{"line":16,"column":1316}}]},"62":{"line":16,"type":"if","locations":[{"start":{"line":16,"column":1360},"end":{"line":16,"column":1360}},{"start":{"line":16,"column":1360},"end":{"line":16,"column":1360}}]},"63":{"line":16,"type":"if","locations":[{"start":{"line":16,"column":1393},"end":{"line":16,"column":1393}},{"start":{"line":16,"column":1393},"end":{"line":16,"column":1393}}]},"64":{"line":16,"type":"cond-expr","locations":[{"start":{"line":16,"column":1426},"end":{"line":16,"column":1427}},{"start":{"line":16,"column":1428},"end":{"line":16,"column":1429}}]},"65":{"line":16,"type":"if","locations":[{"start":{"line":16,"column":1430},"end":{"line":16,"column":1430}},{"start":{"line":16,"column":1430},"end":{"line":16,"column":1430}}]},"66":{"line":16,"type":"cond-expr","locations":[{"start":{"line":16,"column":1514},"end":{"line":16,"column":1515}},{"start":{"line":16,"column":1516},"end":{"line":16,"column":1517}}]},"67":{"line":16,"type":"binary-expr","locations":[{"start":{"line":16,"column":1623},"end":{"line":16,"column":1667}},{"start":{"line":16,"column":1669},"end":{"line":16,"column":1681}}]},"68":{"line":16,"type":"binary-expr","locations":[{"start":{"line":16,"column":1625},"end":{"line":16,"column":1643}},{"start":{"line":16,"column":1645},"end":{"line":16,"column":1666}}]},"69":{"line":16,"type":"cond-expr","locations":[{"start":{"line":16,"column":1726},"end":{"line":16,"column":1738}},{"start":{"line":16,"column":1739},"end":{"line":16,"column":1740}}]},"70":{"line":16,"type":"binary-expr","locations":[{"start":{"line":16,"column":1684},"end":{"line":16,"column":1702}},{"start":{"line":16,"column":1704},"end":{"line":16,"column":1725}}]},"71":{"line":16,"type":"binary-expr","locations":[{"start":{"line":16,"column":1800},"end":{"line":16,"column":1801}},{"start":{"line":16,"column":1803},"end":{"line":16,"column":1809}}]},"72":{"line":16,"type":"cond-expr","locations":[{"start":{"line":16,"column":1898},"end":{"line":16,"column":1926}},{"start":{"line":16,"column":1927},"end":{"line":16,"column":2039}}]},"73":{"line":16,"type":"binary-expr","locations":[{"start":{"line":16,"column":1838},"end":{"line":16,"column":1863}},{"start":{"line":16,"column":1865},"end":{"line":16,"column":1897}}]},"74":{"line":16,"type":"cond-expr","locations":[{"start":{"line":16,"column":2021},"end":{"line":16,"column":2029}},{"start":{"line":16,"column":2030},"end":{"line":16,"column":2038}}]},"75":{"line":16,"type":"binary-expr","locations":[{"start":{"line":16,"column":1946},"end":{"line":16,"column":1947}},{"start":{"line":16,"column":1949},"end":{"line":16,"column":1974}},{"start":{"line":16,"column":1976},"end":{"line":16,"column":1998}},{"start":{"line":16,"column":2000},"end":{"line":16,"column":2020}}]},"76":{"line":16,"type":"binary-expr","locations":[{"start":{"line":16,"column":2112},"end":{"line":16,"column":2124}},{"start":{"line":16,"column":2126},"end":{"line":16,"column":2128}}]},"77":{"line":16,"type":"binary-expr","locations":[{"start":{"line":16,"column":2147},"end":{"line":16,"column":2158}},{"start":{"line":16,"column":2161},"end":{"line":16,"column":2174}}]},"78":{"line":16,"type":"cond-expr","locations":[{"start":{"line":16,"column":2274},"end":{"line":16,"column":2398}},{"start":{"line":16,"column":2399},"end":{"line":16,"column":2400}}]},"79":{"line":16,"type":"binary-expr","locations":[{"start":{"line":16,"column":2232},"end":{"line":16,"column":2234}},{"start":{"line":16,"column":2236},"end":{"line":16,"column":2251}},{"start":{"line":16,"column":2253},"end":{"line":16,"column":2273}}]},"80":{"line":16,"type":"if","locations":[{"start":{"line":16,"column":2286},"end":{"line":16,"column":2286}},{"start":{"line":16,"column":2286},"end":{"line":16,"column":2286}}]},"81":{"line":16,"type":"cond-expr","locations":[{"start":{"line":16,"column":2446},"end":{"line":16,"column":2467}},{"start":{"line":16,"column":2468},"end":{"line":16,"column":2525}}]},"82":{"line":16,"type":"binary-expr","locations":[{"start":{"line":16,"column":2487},"end":{"line":16,"column":2498}},{"start":{"line":16,"column":2500},"end":{"line":16,"column":2524}}]},"83":{"line":16,"type":"binary-expr","locations":[{"start":{"line":16,"column":2555},"end":{"line":16,"column":2576}},{"start":{"line":16,"column":2578},"end":{"line":16,"column":2615}}]},"84":{"line":23,"type":"if","locations":[{"start":{"line":23,"column":55},"end":{"line":23,"column":55}},{"start":{"line":23,"column":55},"end":{"line":23,"column":55}}]},"85":{"line":23,"type":"if","locations":[{"start":{"line":23,"column":208},"end":{"line":23,"column":208}},{"start":{"line":23,"column":208},"end":{"line":23,"column":208}}]},"86":{"line":23,"type":"binary-expr","locations":[{"start":{"line":23,"column":211},"end":{"line":23,"column":231}},{"start":{"line":23,"column":233},"end":{"line":23,"column":241}}]},"87":{"line":23,"type":"binary-expr","locations":[{"start":{"line":23,"column":342},"end":{"line":23,"column":343}},{"start":{"line":23,"column":345},"end":{"line":23,"column":356}}]},"88":{"line":23,"type":"binary-expr","locations":[{"start":{"line":23,"column":410},"end":{"line":23,"column":411}},{"start":{"line":23,"column":413},"end":{"line":23,"column":419}}]},"89":{"line":23,"type":"if","locations":[{"start":{"line":23,"column":464},"end":{"line":23,"column":464}},{"start":{"line":23,"column":464},"end":{"line":23,"column":464}}]},"90":{"line":23,"type":"if","locations":[{"start":{"line":23,"column":502},"end":{"line":23,"column":502}},{"start":{"line":23,"column":502},"end":{"line":23,"column":502}}]},"91":{"line":23,"type":"if","locations":[{"start":{"line":23,"column":522},"end":{"line":23,"column":522}},{"start":{"line":23,"column":522},"end":{"line":23,"column":522}}]},"92":{"line":23,"type":"if","locations":[{"start":{"line":23,"column":584},"end":{"line":23,"column":584}},{"start":{"line":23,"column":584},"end":{"line":23,"column":584}}]},"93":{"line":23,"type":"if","locations":[{"start":{"line":23,"column":615},"end":{"line":23,"column":615}},{"start":{"line":23,"column":615},"end":{"line":23,"column":615}}]},"94":{"line":23,"type":"cond-expr","locations":[{"start":{"line":23,"column":753},"end":{"line":23,"column":845}},{"start":{"line":23,"column":846},"end":{"line":23,"column":1083}}]},"95":{"line":23,"type":"binary-expr","locations":[{"start":{"line":23,"column":738},"end":{"line":23,"column":744}},{"start":{"line":23,"column":746},"end":{"line":23,"column":752}}]},"96":{"line":23,"type":"cond-expr","locations":[{"start":{"line":23,"column":758},"end":{"line":23,"column":813}},{"start":{"line":23,"column":816},"end":{"line":23,"column":844}}]},"97":{"line":23,"type":"binary-expr","locations":[{"start":{"line":23,"column":763},"end":{"line":23,"column":784}},{"start":{"line":23,"column":787},"end":{"line":23,"column":791}}]},"98":{"line":23,"type":"cond-expr","locations":[{"start":{"line":23,"column":853},"end":{"line":23,"column":916}},{"start":{"line":23,"column":917},"end":{"line":23,"column":1083}}]},"99":{"line":23,"type":"cond-expr","locations":[{"start":{"line":23,"column":872},"end":{"line":23,"column":892}},{"start":{"line":23,"column":893},"end":{"line":23,"column":916}}]},"100":{"line":23,"type":"cond-expr","locations":[{"start":{"line":23,"column":925},"end":{"line":23,"column":1014}},{"start":{"line":23,"column":1016},"end":{"line":23,"column":1083}}]},"101":{"line":23,"type":"binary-expr","locations":[{"start":{"line":23,"column":931},"end":{"line":23,"column":952}},{"start":{"line":23,"column":954},"end":{"line":23,"column":957}}]},"102":{"line":23,"type":"cond-expr","locations":[{"start":{"line":23,"column":971},"end":{"line":23,"column":993}},{"start":{"line":23,"column":994},"end":{"line":23,"column":1014}}]},"103":{"line":23,"type":"cond-expr","locations":[{"start":{"line":23,"column":1040},"end":{"line":23,"column":1062}},{"start":{"line":23,"column":1063},"end":{"line":23,"column":1083}}]},"104":{"line":23,"type":"cond-expr","locations":[{"start":{"line":23,"column":1175},"end":{"line":23,"column":1187}},{"start":{"line":23,"column":1188},"end":{"line":23,"column":1189}}]},"105":{"line":23,"type":"binary-expr","locations":[{"start":{"line":23,"column":1133},"end":{"line":23,"column":1151}},{"start":{"line":23,"column":1153},"end":{"line":23,"column":1174}}]},"106":{"line":23,"type":"if","locations":[{"start":{"line":23,"column":1190},"end":{"line":23,"column":1190}},{"start":{"line":23,"column":1190},"end":{"line":23,"column":1190}}]},"107":{"line":23,"type":"if","locations":[{"start":{"line":23,"column":1234},"end":{"line":23,"column":1234}},{"start":{"line":23,"column":1234},"end":{"line":23,"column":1234}}]},"108":{"line":23,"type":"if","locations":[{"start":{"line":23,"column":1285},"end":{"line":23,"column":1285}},{"start":{"line":23,"column":1285},"end":{"line":23,"column":1285}}]},"109":{"line":23,"type":"switch","locations":[{"start":{"line":23,"column":1335},"end":{"line":23,"column":1348}},{"start":{"line":23,"column":1348},"end":{"line":23,"column":1361}},{"start":{"line":23,"column":1361},"end":{"line":23,"column":1370}},{"start":{"line":23,"column":1370},"end":{"line":23,"column":1393}},{"start":{"line":23,"column":1393},"end":{"line":23,"column":1405}},{"start":{"line":23,"column":1405},"end":{"line":23,"column":1417}},{"start":{"line":23,"column":1417},"end":{"line":23,"column":1430}},{"start":{"line":23,"column":1430},"end":{"line":23,"column":1443}},{"start":{"line":23,"column":1443},"end":{"line":23,"column":1452}},{"start":{"line":23,"column":1452},"end":{"line":23,"column":1462}},{"start":{"line":23,"column":1462},"end":{"line":23,"column":1496}},{"start":{"line":23,"column":1496},"end":{"line":23,"column":1529}}]},"110":{"line":23,"type":"binary-expr","locations":[{"start":{"line":23,"column":1580},"end":{"line":23,"column":1598}},{"start":{"line":23,"column":1600},"end":{"line":23,"column":1621}},{"start":{"line":23,"column":1623},"end":{"line":23,"column":1635}}]},"111":{"line":23,"type":"if","locations":[{"start":{"line":23,"column":1636},"end":{"line":23,"column":1636}},{"start":{"line":23,"column":1636},"end":{"line":23,"column":1636}}]},"112":{"line":23,"type":"cond-expr","locations":[{"start":{"line":23,"column":1696},"end":{"line":23,"column":1729}},{"start":{"line":23,"column":1730},"end":{"line":23,"column":1763}}]},"113":{"line":23,"type":"binary-expr","locations":[{"start":{"line":23,"column":1826},"end":{"line":23,"column":1832}},{"start":{"line":23,"column":1834},"end":{"line":23,"column":1840}},{"start":{"line":23,"column":1842},"end":{"line":23,"column":1850}}]},"114":{"line":23,"type":"binary-expr","locations":[{"start":{"line":23,"column":1855},"end":{"line":23,"column":2520}},{"start":{"line":23,"column":2523},"end":{"line":23,"column":2539}}]},"115":{"line":23,"type":"if","locations":[{"start":{"line":23,"column":1892},"end":{"line":23,"column":1892}},{"start":{"line":23,"column":1892},"end":{"line":23,"column":1892}}]},"116":{"line":23,"type":"if","locations":[{"start":{"line":23,"column":1925},"end":{"line":23,"column":1925}},{"start":{"line":23,"column":1925},"end":{"line":23,"column":1925}}]},"117":{"line":23,"type":"if","locations":[{"start":{"line":23,"column":1969},"end":{"line":23,"column":1969}},{"start":{"line":23,"column":1969},"end":{"line":23,"column":1969}}]},"118":{"line":23,"type":"cond-expr","locations":[{"start":{"line":23,"column":2002},"end":{"line":23,"column":2003}},{"start":{"line":23,"column":2004},"end":{"line":23,"column":2005}}]},"119":{"line":23,"type":"if","locations":[{"start":{"line":23,"column":2006},"end":{"line":23,"column":2006}},{"start":{"line":23,"column":2006},"end":{"line":23,"column":2006}}]},"120":{"line":23,"type":"cond-expr","locations":[{"start":{"line":23,"column":2090},"end":{"line":23,"column":2091}},{"start":{"line":23,"column":2092},"end":{"line":23,"column":2093}}]},"121":{"line":23,"type":"binary-expr","locations":[{"start":{"line":23,"column":2199},"end":{"line":23,"column":2243}},{"start":{"line":23,"column":2245},"end":{"line":23,"column":2257}}]},"122":{"line":23,"type":"binary-expr","locations":[{"start":{"line":23,"column":2201},"end":{"line":23,"column":2219}},{"start":{"line":23,"column":2221},"end":{"line":23,"column":2242}}]},"123":{"line":23,"type":"cond-expr","locations":[{"start":{"line":23,"column":2302},"end":{"line":23,"column":2314}},{"start":{"line":23,"column":2315},"end":{"line":23,"column":2316}}]},"124":{"line":23,"type":"binary-expr","locations":[{"start":{"line":23,"column":2260},"end":{"line":23,"column":2278}},{"start":{"line":23,"column":2280},"end":{"line":23,"column":2301}}]},"125":{"line":23,"type":"if","locations":[{"start":{"line":23,"column":2322},"end":{"line":23,"column":2322}},{"start":{"line":23,"column":2322},"end":{"line":23,"column":2322}}]},"126":{"line":23,"type":"if","locations":[{"start":{"line":23,"column":2375},"end":{"line":23,"column":2375}},{"start":{"line":23,"column":2375},"end":{"line":23,"column":2375}}]},"127":{"line":23,"type":"cond-expr","locations":[{"start":{"line":23,"column":2413},"end":{"line":23,"column":2416}},{"start":{"line":23,"column":2417},"end":{"line":23,"column":2419}}]},"128":{"line":23,"type":"cond-expr","locations":[{"start":{"line":23,"column":2434},"end":{"line":23,"column":2438}},{"start":{"line":23,"column":2439},"end":{"line":23,"column":2444}}]},"129":{"line":23,"type":"cond-expr","locations":[{"start":{"line":23,"column":2505},"end":{"line":23,"column":2508}},{"start":{"line":23,"column":2509},"end":{"line":23,"column":2511}}]},"130":{"line":23,"type":"binary-expr","locations":[{"start":{"line":23,"column":2540},"end":{"line":23,"column":2541}},{"start":{"line":23,"column":2543},"end":{"line":23,"column":2549}}]}}}}