TN:
SF:C:\inetpub\wwwroot\weight.js\dist\weight.js
FN:1,(anonymous_1)
FN:1,(anonymous_2)
FN:1,(anonymous_3)
FN:1,n
FN:1,(anonymous_5)
FN:1,(anonymous_6)
FN:1,(anonymous_7)
FN:1,(anonymous_8)
FN:1,(anonymous_9)
FN:1,(anonymous_10)
FN:1,(anonymous_11)
FN:1,(anonymous_12)
FN:1,(anonymous_13)
FN:1,r
FN:9,(anonymous_15)
FN:9,e
FN:9,(anonymous_17)
FN:9,(anonymous_18)
FN:9,(anonymous_19)
FN:9,(anonymous_20)
FN:9,(anonymous_21)
FN:9,(anonymous_22)
FN:9,(anonymous_23)
FN:9,(anonymous_24)
FN:9,(anonymous_25)
FN:9,(anonymous_26)
FN:9,(anonymous_27)
FN:9,(anonymous_28)
FN:9,(anonymous_29)
FN:9,(anonymous_30)
FN:9,o
FN:9,(anonymous_32)
FN:9,(anonymous_33)
FN:9,u
FN:9,a
FN:9,(anonymous_36)
FN:9,s
FN:9,(anonymous_38)
FN:9,f
FN:9,(anonymous_40)
FN:16,(anonymous_41)
FN:16,t
FN:16,(anonymous_43)
FN:16,(anonymous_44)
FN:16,(anonymous_45)
FN:16,(anonymous_46)
FN:16,(anonymous_47)
FN:16,(anonymous_48)
FN:16,(anonymous_49)
FN:16,(anonymous_50)
FN:16,l
FN:16,(anonymous_52)
FN:16,(anonymous_53)
FN:16,p
FN:16,h
FN:16,(anonymous_56)
FN:16,y
FN:16,(anonymous_58)
FN:16,b
FN:16,(anonymous_60)
FN:23,(anonymous_61)
FN:23,t
FN:23,(anonymous_63)
FN:23,(anonymous_64)
FN:23,(anonymous_65)
FN:23,(anonymous_66)
FN:23,(anonymous_67)
FN:23,(anonymous_68)
FN:23,(anonymous_69)
FN:23,(anonymous_70)
FN:23,(anonymous_71)
FN:23,(anonymous_72)
FNF:72
FNH:54
FNDA:1,(anonymous_1)
FNDA:1,(anonymous_2)
FNDA:1,(anonymous_3)
FNDA:1,n
FNDA:2,(anonymous_5)
FNDA:1,(anonymous_6)
FNDA:0,(anonymous_7)
FNDA:0,(anonymous_8)
FNDA:0,(anonymous_9)
FNDA:0,(anonymous_10)
FNDA:0,(anonymous_11)
FNDA:2,(anonymous_12)
FNDA:1,(anonymous_13)
FNDA:1,r
FNDA:1,(anonymous_15)
FNDA:193,e
FNDA:193,(anonymous_17)
FNDA:20,(anonymous_18)
FNDA:0,(anonymous_19)
FNDA:0,(anonymous_20)
FNDA:40,(anonymous_21)
FNDA:28,(anonymous_22)
FNDA:20,(anonymous_23)
FNDA:20,(anonymous_24)
FNDA:0,(anonymous_25)
FNDA:26,(anonymous_26)
FNDA:0,(anonymous_27)
FNDA:20,(anonymous_28)
FNDA:77,(anonymous_29)
FNDA:193,(anonymous_30)
FNDA:0,o
FNDA:0,(anonymous_32)
FNDA:0,(anonymous_33)
FNDA:2,u
FNDA:78,a
FNDA:78,(anonymous_36)
FNDA:1,s
FNDA:0,(anonymous_38)
FNDA:1,f
FNDA:0,(anonymous_40)
FNDA:1,(anonymous_41)
FNDA:78,t
FNDA:78,(anonymous_43)
FNDA:1,(anonymous_44)
FNDA:26,(anonymous_45)
FNDA:29,(anonymous_46)
FNDA:0,(anonymous_47)
FNDA:98,(anonymous_48)
FNDA:65,(anonymous_49)
FNDA:13,(anonymous_50)
FNDA:1,l
FNDA:46,(anonymous_52)
FNDA:0,(anonymous_53)
FNDA:2,p
FNDA:115,h
FNDA:115,(anonymous_56)
FNDA:1,y
FNDA:0,(anonymous_58)
FNDA:1,b
FNDA:0,(anonymous_60)
FNDA:1,(anonymous_61)
FNDA:115,t
FNDA:115,(anonymous_63)
FNDA:1,(anonymous_64)
FNDA:54,(anonymous_65)
FNDA:42,(anonymous_66)
FNDA:29,(anonymous_67)
FNDA:189,(anonymous_68)
FNDA:46,(anonymous_69)
FNDA:26,(anonymous_70)
FNDA:1,(anonymous_71)
FNDA:1,(anonymous_72)
DA:1,12
DA:9,193
DA:16,115
DA:23,189
LF:4
LH:4
BRDA:1,1,0,1
BRDA:1,1,1,0
BRDA:1,2,0,1
BRDA:1,2,1,1
BRDA:1,3,0,0
BRDA:1,3,1,0
BRDA:1,4,0,0
BRDA:1,4,1,0
BRDA:1,5,0,0
BRDA:1,5,1,0
BRDA:1,6,0,0
BRDA:1,6,1,1
BRDA:1,7,0,0
BRDA:1,7,1,1
BRDA:1,8,0,2
BRDA:1,8,1,2
BRDA:1,9,0,1
BRDA:1,9,1,1
BRDA:1,9,2,1
BRDA:1,10,0,0
BRDA:1,10,1,0
BRDA:1,11,0,0
BRDA:1,11,1,0
BRDA:1,12,0,0
BRDA:1,12,1,0
BRDA:1,13,0,0
BRDA:1,13,1,0
BRDA:1,13,2,0
BRDA:1,13,3,0
BRDA:1,14,0,0
BRDA:1,14,1,0
BRDA:1,15,0,0
BRDA:1,15,1,0
BRDA:1,16,0,0
BRDA:1,16,1,0
BRDA:1,17,0,0
BRDA:1,17,1,0
BRDA:1,18,0,12
BRDA:1,18,1,12
BRDA:1,19,0,12
BRDA:1,19,1,11
BRDA:9,20,0,193
BRDA:9,20,1,0
BRDA:9,21,0,193
BRDA:9,21,1,193
BRDA:9,22,0,0
BRDA:9,22,1,193
BRDA:9,23,0,1
BRDA:9,23,1,1
BRDA:9,24,0,0
BRDA:9,24,1,0
BRDA:9,25,0,0
BRDA:9,25,1,0
BRDA:9,26,0,40
BRDA:9,26,1,0
BRDA:9,27,0,40
BRDA:9,27,1,40
BRDA:9,28,0,20
BRDA:9,28,1,0
BRDA:9,29,0,0
BRDA:9,29,1,193
BRDA:9,30,0,193
BRDA:9,30,1,0
BRDA:9,31,0,1
BRDA:9,31,1,0
BRDA:9,32,0,0
BRDA:9,32,1,0
BRDA:9,33,0,0
BRDA:9,33,1,0
BRDA:9,34,0,0
BRDA:9,34,1,0
BRDA:9,35,0,0
BRDA:9,35,1,0
BRDA:9,35,2,0
BRDA:9,35,3,0
BRDA:9,36,0,6
BRDA:9,36,1,6
BRDA:9,37,0,6
BRDA:9,37,1,6
BRDA:9,38,0,78
BRDA:9,38,1,0
BRDA:9,39,0,78
BRDA:9,39,1,0
BRDA:9,39,2,0
BRDA:9,40,0,0
BRDA:9,40,1,78
BRDA:9,41,0,1
BRDA:9,41,1,0
BRDA:9,42,0,0
BRDA:9,42,1,0
BRDA:9,43,0,1
BRDA:9,43,1,0
BRDA:16,44,0,0
BRDA:16,44,1,78
BRDA:16,45,0,0
BRDA:16,45,1,1
BRDA:16,46,0,1
BRDA:16,46,1,0
BRDA:16,47,0,1
BRDA:16,47,1,1
BRDA:16,48,0,1
BRDA:16,48,1,1
BRDA:16,49,0,26
BRDA:16,49,1,26
BRDA:16,50,0,0
BRDA:16,50,1,29
BRDA:16,51,0,29
BRDA:16,51,1,0
BRDA:16,52,0,1
BRDA:16,52,1,28
BRDA:16,53,0,0
BRDA:16,53,1,28
BRDA:16,54,0,28
BRDA:16,54,1,0
BRDA:16,55,0,0
BRDA:16,55,1,0
BRDA:16,55,2,0
BRDA:16,55,3,0
BRDA:16,55,4,0
BRDA:16,55,5,0
BRDA:16,55,6,0
BRDA:16,55,7,0
BRDA:16,55,8,0
BRDA:16,55,9,0
BRDA:16,55,10,0
BRDA:16,55,11,0
BRDA:16,56,0,0
BRDA:16,56,1,0
BRDA:16,56,2,0
BRDA:16,57,0,0
BRDA:16,57,1,0
BRDA:16,58,0,0
BRDA:16,58,1,0
BRDA:16,59,0,0
BRDA:16,59,1,0
BRDA:16,59,2,0
BRDA:16,60,0,1
BRDA:16,60,1,1
BRDA:16,61,0,0
BRDA:16,61,1,98
BRDA:16,62,0,0
BRDA:16,62,1,98
BRDA:16,63,0,66
BRDA:16,63,1,32
BRDA:16,64,0,0
BRDA:16,64,1,66
BRDA:16,65,0,0
BRDA:16,65,1,32
BRDA:16,66,0,0
BRDA:16,66,1,32
BRDA:16,67,0,13
BRDA:16,67,1,0
BRDA:16,68,0,13
BRDA:16,68,1,0
BRDA:16,69,0,0
BRDA:16,69,1,13
BRDA:16,70,0,13
BRDA:16,70,1,0
BRDA:16,71,0,1
BRDA:16,71,1,1
BRDA:16,72,0,1
BRDA:16,72,1,0
BRDA:16,73,0,1
BRDA:16,73,1,1
BRDA:16,74,0,0
BRDA:16,74,1,0
BRDA:16,75,0,0
BRDA:16,75,1,0
BRDA:16,75,2,0
BRDA:16,75,3,0
BRDA:16,76,0,6
BRDA:16,76,1,6
BRDA:16,77,0,6
BRDA:16,77,1,6
BRDA:16,78,0,115
BRDA:16,78,1,0
BRDA:16,79,0,115
BRDA:16,79,1,0
BRDA:16,79,2,0
BRDA:16,80,0,0
BRDA:16,80,1,115
BRDA:16,81,0,1
BRDA:16,81,1,0
BRDA:16,82,0,0
BRDA:16,82,1,0
BRDA:16,83,0,1
BRDA:16,83,1,0
BRDA:23,84,0,0
BRDA:23,84,1,115
BRDA:23,85,0,0
BRDA:23,85,1,1
BRDA:23,86,0,1
BRDA:23,86,1,0
BRDA:23,87,0,1
BRDA:23,87,1,1
BRDA:23,88,0,1
BRDA:23,88,1,1
BRDA:23,89,0,8
BRDA:23,89,1,46
BRDA:23,90,0,0
BRDA:23,90,1,46
BRDA:23,91,0,0
BRDA:23,91,1,0
BRDA:23,92,0,0
BRDA:23,92,1,46
BRDA:23,93,0,4
BRDA:23,93,1,42
BRDA:23,94,0,24
BRDA:23,94,1,18
BRDA:23,95,0,42
BRDA:23,95,1,32
BRDA:23,96,0,20
BRDA:23,96,1,4
BRDA:23,97,0,20
BRDA:23,97,1,8
BRDA:23,98,0,8
BRDA:23,98,1,10
BRDA:23,99,0,8
BRDA:23,99,1,0
BRDA:23,100,0,8
BRDA:23,100,1,2
BRDA:23,101,0,8
BRDA:23,101,1,8
BRDA:23,102,0,4
BRDA:23,102,1,4
BRDA:23,103,0,1
BRDA:23,103,1,1
BRDA:23,104,0,4
BRDA:23,104,1,38
BRDA:23,105,0,42
BRDA:23,105,1,4
BRDA:23,106,0,2
BRDA:23,106,1,40
BRDA:23,107,0,4
BRDA:23,107,1,36
BRDA:23,108,0,32
BRDA:23,108,1,4
BRDA:23,109,0,0
BRDA:23,109,1,0
BRDA:23,109,2,0
BRDA:23,109,3,4
BRDA:23,109,4,0
BRDA:23,109,5,0
BRDA:23,109,6,0
BRDA:23,109,7,0
BRDA:23,109,8,0
BRDA:23,109,9,0
BRDA:23,109,10,0
BRDA:23,109,11,0
BRDA:23,110,0,29
BRDA:23,110,1,4
BRDA:23,110,2,4
BRDA:23,111,0,0
BRDA:23,111,1,29
BRDA:23,112,0,4
BRDA:23,112,1,25
BRDA:23,113,0,29
BRDA:23,113,1,28
BRDA:23,113,2,28
BRDA:23,114,0,1
BRDA:23,114,1,1
BRDA:23,115,0,1
BRDA:23,115,1,188
BRDA:23,116,0,48
BRDA:23,116,1,140
BRDA:23,117,0,104
BRDA:23,117,1,36
BRDA:23,118,0,4
BRDA:23,118,1,100
BRDA:23,119,0,0
BRDA:23,119,1,36
BRDA:23,120,0,0
BRDA:23,120,1,36
BRDA:23,121,0,26
BRDA:23,121,1,13
BRDA:23,122,0,26
BRDA:23,122,1,13
BRDA:23,123,0,13
BRDA:23,123,1,13
BRDA:23,124,0,26
BRDA:23,124,1,13
BRDA:23,125,0,20
BRDA:23,125,1,6
BRDA:23,126,0,6
BRDA:23,126,1,14
BRDA:23,127,0,20
BRDA:23,127,1,0
BRDA:23,128,0,0
BRDA:23,128,1,20
BRDA:23,129,0,20
BRDA:23,129,1,0
BRDA:23,130,0,1
BRDA:23,130,1,1
BRF:293
BRH:159
end_of_record
